2024-12-08 18:59:59.078 | INFO     | app.main:<module>:29 - Application initialized
2024-12-08 18:59:59.095 | INFO     | app.main:startup_event:150 - Starting up application
2024-12-08 18:59:59.249 | INFO     | app.main:fetch_currency_rates:165 - Currency rates updated: {'usd': '513.00', 'eur': '543.00', 'rub': '5.35', 'gbp': '654.00'}
2024-12-08 19:00:26.462 | INFO     | app.middleware:dispatch:9 - Incoming request: GET http://localhost:8002/rates
2024-12-08 19:00:26.466 | INFO     | app.main:get_currency_rates:188 - Returning cached currency rates
2024-12-08 19:00:26.468 | INFO     | app.middleware:dispatch:17 - Completed request: GET http://localhost:8002/rates with status 200 in 0.00s
2024-12-08 19:14:38.204 | INFO     | app.main:<module>:29 - Application initialized
2024-12-08 19:14:38.209 | INFO     | app.main:startup_event:150 - Starting up application
2024-12-08 19:14:38.371 | INFO     | app.main:fetch_currency_rates:165 - Currency rates updated: {'usd': '513.00', 'eur': '543.00', 'rub': '5.35', 'gbp': '654.00'}
2024-12-08 19:19:16.502 | INFO     | app.main:<module>:31 - Application initialized
2024-12-08 19:19:16.518 | INFO     | app.main:startup_event:169 - Starting up application
2024-12-08 19:19:18.689 | INFO     | app.main:fetch_currency_rates:184 - Currency rates updated: {'usd': '513.00', 'eur': '543.00', 'rub': '5.35', 'gbp': '654.00'}
2024-12-08 19:29:51.114 | INFO     | app.middleware:dispatch:9 - Incoming request: GET http://localhost:8002/rates
2024-12-08 19:29:51.149 | INFO     | app.main:get_currency_rates:207 - Returning cached currency rates
2024-12-08 19:29:51.152 | INFO     | app.middleware:dispatch:17 - Completed request: GET http://localhost:8002/rates with status 200 in 0.02s
2024-12-08 19:29:57.139 | INFO     | app.middleware:dispatch:9 - Incoming request: GET http://localhost:8002/rates
2024-12-08 19:29:57.147 | INFO     | app.main:get_currency_rates:207 - Returning cached currency rates
2024-12-08 19:29:57.148 | INFO     | app.middleware:dispatch:17 - Completed request: GET http://localhost:8002/rates with status 200 in 0.00s
2024-12-08 19:30:59.289 | INFO     | app.middleware:dispatch:9 - Incoming request: GET http://localhost:8002/metrics
2024-12-08 19:30:59.309 | INFO     | app.middleware:dispatch:17 - Completed request: GET http://localhost:8002/metrics with status 200 in 0.02s
2024-12-08 19:37:51.591 | INFO     | app.middleware:dispatch:9 - Incoming request: GET http://localhost:8002/rates
2024-12-08 19:37:51.596 | INFO     | app.main:get_currency_rates:207 - Returning cached currency rates
2024-12-08 19:37:51.600 | INFO     | app.middleware:dispatch:17 - Completed request: GET http://localhost:8002/rates with status 200 in 0.01s
2024-12-08 19:59:43.865 | INFO     | app.main:<module>:31 - Application initialized
2024-12-08 19:59:43.875 | INFO     | app.main:startup_event:169 - Starting up application
2024-12-08 19:59:44.100 | INFO     | app.main:fetch_currency_rates:184 - Currency rates updated: {'usd': '513.00', 'eur': '543.00', 'rub': '5.35', 'gbp': '654.00'}
2024-12-08 20:02:06.731 | INFO     | app.main:<module>:31 - Application initialized
2024-12-08 20:02:06.744 | INFO     | app.main:startup_event:169 - Starting up application
2024-12-08 20:02:06.914 | INFO     | app.main:fetch_currency_rates:184 - Currency rates updated: {'usd': '513.00', 'eur': '543.00', 'rub': '5.35', 'gbp': '654.00'}
2024-12-08 20:03:07.662 | INFO     | app.main:<module>:31 - Application initialized
2024-12-08 20:03:07.671 | INFO     | app.main:startup_event:169 - Starting up application
2024-12-08 20:03:07.860 | INFO     | app.main:fetch_currency_rates:184 - Currency rates updated: {'usd': '513.00', 'eur': '543.00', 'rub': '5.35', 'gbp': '654.00'}
2024-12-08 20:03:55.699 | INFO     | app.middleware:dispatch:9 - Incoming request: GET http://localhost:8002/rates
2024-12-08 20:03:55.705 | INFO     | app.main:get_currency_rates:207 - Returning cached currency rates
2024-12-08 20:03:55.707 | INFO     | app.middleware:dispatch:17 - Completed request: GET http://localhost:8002/rates with status 200 in 0.01s
2024-12-08 20:07:34.874 | INFO     | app.middleware:dispatch:9 - Incoming request: GET http://localhost:8002/rates
2024-12-08 20:07:34.878 | INFO     | app.main:get_currency_rates:207 - Returning cached currency rates
2024-12-08 20:07:34.879 | INFO     | app.middleware:dispatch:17 - Completed request: GET http://localhost:8002/rates with status 200 in 0.00s
2024-12-08 20:07:52.039 | INFO     | app.middleware:dispatch:9 - Incoming request: GET http://localhost:8002/rates
2024-12-08 20:07:52.041 | INFO     | app.main:get_currency_rates:207 - Returning cached currency rates
2024-12-08 20:07:52.042 | INFO     | app.middleware:dispatch:17 - Completed request: GET http://localhost:8002/rates with status 200 in 0.00s
2024-12-08 20:08:39.589 | INFO     | app.middleware:dispatch:9 - Incoming request: GET http://localhost:8002/metrics
2024-12-08 20:08:39.596 | INFO     | app.middleware:dispatch:17 - Completed request: GET http://localhost:8002/metrics with status 200 in 0.01s
2024-12-08 20:11:41.980 | INFO     | app.main:<module>:31 - Application initialized
2024-12-08 20:11:41.986 | INFO     | app.main:startup_event:169 - Starting up application
2024-12-08 20:11:42.256 | INFO     | app.main:fetch_currency_rates:184 - Currency rates updated: {'usd': '513.00', 'eur': '543.00', 'rub': '5.35', 'gbp': '654.00'}
2024-12-08 20:12:27.236 | INFO     | app.middleware:dispatch:9 - Incoming request: GET http://localhost:8002/rates
2024-12-08 20:12:27.241 | INFO     | app.main:get_currency_rates:207 - Returning cached currency rates
2024-12-08 20:12:27.242 | INFO     | app.middleware:dispatch:17 - Completed request: GET http://localhost:8002/rates with status 200 in 0.00s
2024-12-08 20:19:08.018 | INFO     | app.main:<module>:31 - Application initialized
2024-12-08 20:19:08.026 | INFO     | app.main:startup_event:169 - Starting up application
2024-12-08 20:19:08.289 | INFO     | app.main:fetch_currency_rates:184 - Currency rates updated: {'usd': '513.00', 'eur': '543.00', 'rub': '5.35', 'gbp': '654.00'}
2024-12-08 20:19:22.270 | INFO     | app.middleware:dispatch:9 - Incoming request: GET http://localhost:8002/rates
2024-12-08 20:19:22.276 | INFO     | app.main:get_currency_rates:207 - Returning cached currency rates
2024-12-08 20:19:22.277 | INFO     | app.middleware:dispatch:17 - Completed request: GET http://localhost:8002/rates with status 200 in 0.01s
2024-12-08 21:05:54.725 | INFO     | app.main:<module>:32 - Application initialized
2024-12-08 21:05:54.833 | INFO     | app.main:startup_event:170 - Starting up application
2024-12-08 21:05:58.789 | INFO     | app.main:fetch_currency_rates:185 - Currency rates updated: {'usd': '513.00', 'eur': '543.00', 'rub': '5.35', 'gbp': '654.00'}
2024-12-10 06:04:54.176 | INFO     | app.main:<module>:32 - Application initialized
2024-12-10 06:04:54.182 | INFO     | app.main:startup_event:219 - Starting up application
2024-12-10 06:04:54.771 | INFO     | app.main:fetch_currency_rates:234 - Currency rates updated: {'usd': '513.00', 'eur': '543.00', 'rub': '5.35', 'gbp': '653.00'}
2024-12-10 06:05:31.398 | INFO     | app.middleware:dispatch:9 - Incoming request: GET http://localhost:8002/docs
2024-12-10 06:05:31.400 | INFO     | app.middleware:dispatch:17 - Completed request: GET http://localhost:8002/docs with status 200 in 0.00s
2024-12-10 06:05:31.526 | INFO     | app.middleware:dispatch:9 - Incoming request: GET http://localhost:8002/openapi.json
2024-12-10 06:05:31.543 | INFO     | app.middleware:dispatch:17 - Completed request: GET http://localhost:8002/openapi.json with status 200 in 0.02s
2024-12-10 06:06:24.590 | INFO     | app.middleware:dispatch:9 - Incoming request: POST http://localhost:8002/replenishment
2024-12-10 06:06:24.596 | INFO     | app.main:create_replenishment:134 - Creating replenishment: id=0 from_='bank' to_account_id=1 amount=100.0 currency='string' rate='string' status='string' message='string' start_date=datetime.datetime(2024, 12, 10, 6, 5, 39, 465000, tzinfo=TzInfo(UTC)) end_date=datetime.datetime(2024, 12, 10, 6, 5, 39, 465000, tzinfo=TzInfo(UTC))
2024-12-10 06:06:24.597 | ERROR    | app.main:create_replenishment:152 - Unexpected error during replenishment creation: 'ReplenishmentResponse' object has no attribute 'from_account_id'
2024-12-10 06:06:24.599 | INFO     | app.middleware:dispatch:17 - Completed request: POST http://localhost:8002/replenishment with status 500 in 0.01s
2024-12-10 06:11:11.930 | INFO     | app.main:<module>:32 - Application initialized
2024-12-10 06:11:11.936 | INFO     | app.main:startup_event:219 - Starting up application
2024-12-10 06:11:12.206 | INFO     | app.main:fetch_currency_rates:234 - Currency rates updated: {'usd': '513.00', 'eur': '543.00', 'rub': '5.35', 'gbp': '653.00'}
2024-12-10 06:11:18.668 | INFO     | app.middleware:dispatch:9 - Incoming request: GET http://localhost:8002/docs
2024-12-10 06:11:18.669 | INFO     | app.middleware:dispatch:17 - Completed request: GET http://localhost:8002/docs with status 200 in 0.00s
2024-12-10 06:11:23.580 | INFO     | app.middleware:dispatch:9 - Incoming request: GET http://localhost:8002/openapi.json
2024-12-10 06:11:23.592 | INFO     | app.middleware:dispatch:17 - Completed request: GET http://localhost:8002/openapi.json with status 200 in 0.01s
2024-12-10 06:12:53.217 | INFO     | app.main:<module>:32 - Application initialized
2024-12-10 06:12:53.222 | INFO     | app.main:startup_event:219 - Starting up application
2024-12-10 06:12:53.894 | INFO     | app.main:fetch_currency_rates:234 - Currency rates updated: {'usd': '513.00', 'eur': '543.00', 'rub': '5.35', 'gbp': '653.00'}
2024-12-10 06:12:56.474 | INFO     | app.middleware:dispatch:9 - Incoming request: GET http://localhost:8002/docs
2024-12-10 06:12:56.475 | INFO     | app.middleware:dispatch:17 - Completed request: GET http://localhost:8002/docs with status 200 in 0.00s
2024-12-10 06:12:56.857 | INFO     | app.middleware:dispatch:9 - Incoming request: GET http://localhost:8002/openapi.json
2024-12-10 06:12:56.870 | INFO     | app.middleware:dispatch:17 - Completed request: GET http://localhost:8002/openapi.json with status 200 in 0.01s
2024-12-10 06:14:20.161 | INFO     | app.middleware:dispatch:9 - Incoming request: POST http://localhost:8002/replenishment
2024-12-10 06:14:20.167 | INFO     | app.main:create_replenishment:134 - Creating replenishment: from_='bank' to_account_id=1 amount=1000.0 currency='USD' rate='string' status='pending' message='new' start_date=datetime.datetime(2024, 12, 10, 6, 13, 19, 813000, tzinfo=TzInfo(UTC)) end_date=datetime.datetime(2024, 12, 10, 6, 13, 19, 813000, tzinfo=TzInfo(UTC))
2024-12-10 06:14:20.169 | INFO     | app.main:get_currency_rates:257 - Returning cached currency rates
2024-12-10 06:14:20.182 | ERROR    | app.main:create_replenishment:152 - Unexpected error during replenishment creation: 'ReplenishmentRequest' object has no attribute 'from_account_id'
2024-12-10 06:14:20.183 | INFO     | app.middleware:dispatch:17 - Completed request: POST http://localhost:8002/replenishment with status 500 in 0.02s
2024-12-10 06:16:19.468 | INFO     | app.main:<module>:32 - Application initialized
2024-12-10 06:16:19.476 | INFO     | app.main:startup_event:219 - Starting up application
2024-12-10 06:16:19.704 | INFO     | app.main:fetch_currency_rates:234 - Currency rates updated: {'usd': '513.00', 'eur': '543.00', 'rub': '5.35', 'gbp': '653.00'}
2024-12-10 06:16:36.386 | INFO     | app.middleware:dispatch:9 - Incoming request: POST http://localhost:8002/replenishment
2024-12-10 06:16:36.391 | INFO     | app.main:create_replenishment:134 - Creating replenishment: from_='bank' to_account_id=1 amount=1000.0 currency='USD' rate='string' status='pending' message='new' start_date=datetime.datetime(2024, 12, 10, 6, 13, 19, 813000, tzinfo=TzInfo(UTC)) end_date=datetime.datetime(2024, 12, 10, 6, 13, 19, 813000, tzinfo=TzInfo(UTC))
2024-12-10 06:16:36.392 | INFO     | app.main:get_currency_rates:257 - Returning cached currency rates
2024-12-10 06:16:36.413 | ERROR    | app.main:create_replenishment:152 - Unexpected error during replenishment creation: name 'message_text' is not defined
2024-12-10 06:16:36.414 | INFO     | app.middleware:dispatch:17 - Completed request: POST http://localhost:8002/replenishment with status 500 in 0.03s
2024-12-10 06:18:20.495 | INFO     | app.main:<module>:32 - Application initialized
2024-12-10 06:18:20.502 | INFO     | app.main:startup_event:219 - Starting up application
2024-12-10 06:18:20.837 | INFO     | app.main:fetch_currency_rates:234 - Currency rates updated: {'usd': '513.00', 'eur': '543.00', 'rub': '5.35', 'gbp': '653.00'}
2024-12-10 06:18:22.137 | INFO     | app.middleware:dispatch:9 - Incoming request: POST http://localhost:8002/replenishment
2024-12-10 06:18:22.143 | INFO     | app.main:create_replenishment:134 - Creating replenishment: from_='bank' to_account_id=1 amount=1000.0 currency='USD' rate='string' status='pending' message='new' start_date=datetime.datetime(2024, 12, 10, 6, 13, 19, 813000, tzinfo=TzInfo(UTC)) end_date=datetime.datetime(2024, 12, 10, 6, 13, 19, 813000, tzinfo=TzInfo(UTC))
2024-12-10 06:18:22.144 | INFO     | app.main:get_currency_rates:257 - Returning cached currency rates
2024-12-10 06:18:22.156 | ERROR    | app.main:create_replenishment:152 - Unexpected error during replenishment creation: name 'message_text' is not defined
2024-12-10 06:18:22.157 | INFO     | app.middleware:dispatch:17 - Completed request: POST http://localhost:8002/replenishment with status 500 in 0.02s
2024-12-10 06:18:25.912 | INFO     | app.middleware:dispatch:9 - Incoming request: POST http://localhost:8002/replenishment
2024-12-10 06:18:25.914 | INFO     | app.main:create_replenishment:134 - Creating replenishment: from_='bank' to_account_id=1 amount=1000.0 currency='USD' rate='string' status='pending' message='new' start_date=datetime.datetime(2024, 12, 10, 6, 13, 19, 813000, tzinfo=TzInfo(UTC)) end_date=datetime.datetime(2024, 12, 10, 6, 13, 19, 813000, tzinfo=TzInfo(UTC))
2024-12-10 06:18:25.915 | INFO     | app.main:get_currency_rates:257 - Returning cached currency rates
2024-12-10 06:18:25.921 | ERROR    | app.main:create_replenishment:152 - Unexpected error during replenishment creation: name 'message_text' is not defined
2024-12-10 06:18:25.922 | INFO     | app.middleware:dispatch:17 - Completed request: POST http://localhost:8002/replenishment with status 500 in 0.01s
2024-12-10 06:18:27.640 | INFO     | app.middleware:dispatch:9 - Incoming request: GET http://localhost:8002/docs
2024-12-10 06:18:27.641 | INFO     | app.middleware:dispatch:17 - Completed request: GET http://localhost:8002/docs with status 200 in 0.00s
2024-12-10 06:18:27.794 | INFO     | app.middleware:dispatch:9 - Incoming request: GET http://localhost:8002/openapi.json
2024-12-10 06:18:27.811 | INFO     | app.middleware:dispatch:17 - Completed request: GET http://localhost:8002/openapi.json with status 200 in 0.02s
2024-12-10 06:18:31.502 | INFO     | app.middleware:dispatch:9 - Incoming request: POST http://localhost:8002/replenishment
2024-12-10 06:18:31.503 | INFO     | app.main:create_replenishment:134 - Creating replenishment: from_='string' to_account_id=0 amount=1.0 currency='string' rate='string' status='pending' message='string' start_date=datetime.datetime(2024, 12, 10, 6, 18, 30, 476000, tzinfo=TzInfo(UTC)) end_date=datetime.datetime(2024, 12, 10, 6, 18, 30, 476000, tzinfo=TzInfo(UTC))
2024-12-10 06:18:31.504 | INFO     | app.main:get_currency_rates:257 - Returning cached currency rates
2024-12-10 06:18:31.509 | ERROR    | app.main:create_replenishment:152 - Unexpected error during replenishment creation: name 'message_text' is not defined
2024-12-10 06:18:31.510 | INFO     | app.middleware:dispatch:17 - Completed request: POST http://localhost:8002/replenishment with status 500 in 0.01s
2024-12-10 06:20:17.682 | INFO     | app.main:<module>:32 - Application initialized
2024-12-10 06:20:17.692 | INFO     | app.main:startup_event:219 - Starting up application
2024-12-10 06:20:17.969 | INFO     | app.main:fetch_currency_rates:234 - Currency rates updated: {'usd': '513.00', 'eur': '543.00', 'rub': '5.35', 'gbp': '653.00'}
2024-12-10 06:20:23.213 | INFO     | app.middleware:dispatch:9 - Incoming request: GET http://localhost:8002/docs
2024-12-10 06:20:23.214 | INFO     | app.middleware:dispatch:17 - Completed request: GET http://localhost:8002/docs with status 200 in 0.00s
2024-12-10 06:20:33.064 | INFO     | app.middleware:dispatch:9 - Incoming request: GET http://localhost:8002/openapi.json
2024-12-10 06:20:33.080 | INFO     | app.middleware:dispatch:17 - Completed request: GET http://localhost:8002/openapi.json with status 200 in 0.01s
2024-12-10 06:20:36.705 | INFO     | app.middleware:dispatch:9 - Incoming request: POST http://localhost:8002/replenishment
2024-12-10 06:20:36.710 | INFO     | app.main:create_replenishment:134 - Creating replenishment: from_='string' to_account_id=0 amount=1.0 currency='string' rate='string' status='pending' message='string' start_date=datetime.datetime(2024, 12, 10, 6, 20, 35, 229000, tzinfo=TzInfo(UTC)) end_date=datetime.datetime(2024, 12, 10, 6, 20, 35, 229000, tzinfo=TzInfo(UTC))
2024-12-10 06:20:36.710 | INFO     | app.main:get_currency_rates:257 - Returning cached currency rates
2024-12-10 06:20:36.730 | INFO     | app.main:get_connection:57 - Attempting to connect to RabbitMQ (attempt 1)
2024-12-10 06:20:36.745 | INFO     | app.main:send_transaction_to_queue:99 - Transaction sent to queue: {'name': 'replenishment', 'id': 6, 'from': 'string', 'to_account_id': 0, 'amount': 1.0, 'currency': 'string', 'rate': '{"usd": "513.00", "eur": "543.00", "rub": "5.35", "gbp": "653.00"}', 'status': 'pending', 'message': 'Replenishment is pending', 'start_date': '2024-12-10T06:20:36.714776', 'end_date': None}
2024-12-10 06:20:36.747 | INFO     | app.main:create_replenishment:146 - replenishment created successfully: <app.models.Replenishment object at 0x7f36859c2f90>
2024-12-10 06:20:36.748 | INFO     | app.middleware:dispatch:17 - Completed request: POST http://localhost:8002/replenishment with status 200 in 0.04s
2024-12-10 06:36:43.935 | INFO     | app.middleware:dispatch:9 - Incoming request: GET http://localhost:8002/saldodraft/0
2024-12-10 06:36:43.964 | INFO     | app.middleware:dispatch:17 - Completed request: GET http://localhost:8002/saldodraft/0 with status 500 in 0.03s
2024-12-10 06:58:22.287 | INFO     | app.main:<module>:32 - Application initialized
2024-12-10 06:58:22.292 | INFO     | app.main:startup_event:219 - Starting up application
2024-12-10 06:58:22.530 | INFO     | app.main:fetch_currency_rates:234 - Currency rates updated: {'usd': '513.00', 'eur': '543.00', 'rub': '5.35', 'gbp': '653.00'}
2024-12-10 06:58:35.112 | INFO     | app.middleware:dispatch:9 - Incoming request: GET http://localhost:8002/saldodraft/0
2024-12-10 06:58:35.137 | INFO     | app.middleware:dispatch:17 - Completed request: GET http://localhost:8002/saldodraft/0 with status 200 in 0.02s
2024-12-10 07:03:51.410 | INFO     | app.middleware:dispatch:9 - Incoming request: POST http://localhost:8002/withdrawal
2024-12-10 07:03:51.415 | INFO     | app.main:create_withdrawal:158 - Creating withdrawal: from_account_id=0 to_='string' amount=1.0 currency='string' rate='string' status='pending' message='string' start_date=datetime.datetime(2024, 12, 10, 7, 3, 48, 980000, tzinfo=TzInfo(UTC)) end_date=datetime.datetime(2024, 12, 10, 7, 3, 48, 980000, tzinfo=TzInfo(UTC))
2024-12-10 07:03:51.417 | INFO     | app.main:get_currency_rates:257 - Returning cached currency rates
2024-12-10 07:03:51.434 | INFO     | app.main:get_connection:57 - Attempting to connect to RabbitMQ (attempt 1)
2024-12-10 07:03:51.440 | INFO     | app.main:send_transaction_to_queue:99 - Transaction sent to queue: {'name': 'withdrawal', 'id': 1, 'from_account_id': 0, 'to': 'string', 'amount': 1.0, 'currency': 'string', 'rate': '{"usd": "513.00", "eur": "543.00", "rub": "5.35", "gbp": "653.00"}', 'status': 'pending', 'message': 'Withdrawal is pending', 'start_date': '2024-12-10T07:03:51.425566', 'end_date': None}
2024-12-10 07:03:51.442 | INFO     | app.main:create_withdrawal:170 - withdrawal created successfully: <app.models.Withdrawal object at 0x7f1803bc7b60>
2024-12-10 07:03:51.444 | INFO     | app.middleware:dispatch:17 - Completed request: POST http://localhost:8002/withdrawal with status 200 in 0.03s
2024-12-10 07:03:57.288 | INFO     | app.middleware:dispatch:9 - Incoming request: GET http://localhost:8002/saldodraft/0
2024-12-10 07:03:57.296 | INFO     | app.middleware:dispatch:17 - Completed request: GET http://localhost:8002/saldodraft/0 with status 200 in 0.01s
2024-12-10 07:04:35.169 | INFO     | app.main:<module>:32 - Application initialized
2024-12-10 07:04:35.174 | INFO     | app.main:startup_event:219 - Starting up application
2024-12-10 07:04:35.512 | INFO     | app.main:fetch_currency_rates:234 - Currency rates updated: {'usd': '513.00', 'eur': '543.00', 'rub': '5.35', 'gbp': '653.00'}
2024-12-10 07:05:48.644 | INFO     | app.middleware:dispatch:9 - Incoming request: GET http://localhost:8002/saldodraft/0
2024-12-10 07:05:48.659 | INFO     | app.middleware:dispatch:17 - Completed request: GET http://localhost:8002/saldodraft/0 with status 200 in 0.01s
2024-12-10 07:31:49.834 | INFO     | app.main:<module>:32 - Application initialized
2024-12-10 07:31:49.871 | INFO     | app.main:startup_event:219 - Starting up application
2024-12-10 07:31:50.252 | INFO     | app.main:fetch_currency_rates:234 - Currency rates updated: {'usd': '513.00', 'eur': '543.00', 'rub': '5.35', 'gbp': '653.00'}
2024-12-10 08:00:33.888 | INFO     | app.main:<module>:32 - Application initialized
2024-12-10 08:00:33.924 | INFO     | app.main:startup_event:219 - Starting up application
2024-12-10 08:00:34.159 | INFO     | app.main:fetch_currency_rates:234 - Currency rates updated: {'usd': '513.00', 'eur': '543.00', 'rub': '5.35', 'gbp': '653.00'}
2024-12-10 08:08:59.418 | INFO     | app.main:<module>:32 - Application initialized
2024-12-10 08:08:59.435 | INFO     | app.main:startup_event:219 - Starting up application
2024-12-10 08:08:59.925 | INFO     | app.main:fetch_currency_rates:234 - Currency rates updated: {'usd': '513.00', 'eur': '543.00', 'rub': '5.35', 'gbp': '653.00'}
2024-12-10 08:20:10.981 | ERROR    | app.main:fetch_currency_rates:238 - Currency rate fetch error: HTTPSConnectionPool(host='www.bcc.kz', port=443): Max retries exceeded with url: /personal/get_app_courses/ (Caused by NameResolutionError("<urllib3.connection.HTTPSConnection object at 0x7f3bf4cade50>: Failed to resolve 'www.bcc.kz' ([Errno -2] Name or service not known)"))
2024-12-10 10:05:36.137 | INFO     | app.main:<module>:32 - Application initialized
2024-12-10 10:05:36.187 | INFO     | app.main:startup_event:219 - Starting up application
2024-12-10 10:05:37.021 | INFO     | app.main:fetch_currency_rates:234 - Currency rates updated: {'usd': '513.00', 'eur': '543.00', 'rub': '5.35', 'gbp': '653.00'}
2024-12-10 10:14:58.634 | INFO     | app.main:<module>:32 - Application initialized
2024-12-10 10:14:58.708 | INFO     | app.main:startup_event:219 - Starting up application
2024-12-10 10:14:59.220 | INFO     | app.main:fetch_currency_rates:234 - Currency rates updated: {'usd': '513.00', 'eur': '543.00', 'rub': '5.35', 'gbp': '653.00'}
2024-12-10 10:27:41.194 | INFO     | app.main:<module>:32 - Application initialized
2024-12-10 10:27:41.204 | INFO     | app.main:startup_event:219 - Starting up application
2024-12-10 10:27:41.379 | INFO     | app.main:fetch_currency_rates:234 - Currency rates updated: {'usd': '513.00', 'eur': '543.00', 'rub': '5.35', 'gbp': '653.00'}
2024-12-10 10:30:37.478 | INFO     | app.main:<module>:32 - Application initialized
2024-12-10 10:30:37.488 | INFO     | app.main:startup_event:219 - Starting up application
2024-12-10 10:30:37.855 | INFO     | app.main:fetch_currency_rates:234 - Currency rates updated: {'usd': '513.00', 'eur': '543.00', 'rub': '5.35', 'gbp': '653.00'}
2024-12-10 10:30:40.486 | INFO     | app.middleware:dispatch:9 - Incoming request: GET http://transaction-service:80/metrics
2024-12-10 10:30:40.488 | INFO     | app.middleware:dispatch:17 - Completed request: GET http://transaction-service:80/metrics with status 200 in 0.00s
2024-12-10 10:30:55.481 | INFO     | app.middleware:dispatch:9 - Incoming request: GET http://transaction-service:80/metrics
2024-12-10 10:30:55.489 | INFO     | app.middleware:dispatch:17 - Completed request: GET http://transaction-service:80/metrics with status 200 in 0.01s
2024-12-10 10:31:10.483 | INFO     | app.middleware:dispatch:9 - Incoming request: GET http://transaction-service:80/metrics
2024-12-10 10:31:10.489 | INFO     | app.middleware:dispatch:17 - Completed request: GET http://transaction-service:80/metrics with status 200 in 0.00s
2024-12-10 10:31:25.482 | INFO     | app.middleware:dispatch:9 - Incoming request: GET http://transaction-service:80/metrics
2024-12-10 10:31:25.488 | INFO     | app.middleware:dispatch:17 - Completed request: GET http://transaction-service:80/metrics with status 200 in 0.00s
2024-12-10 10:31:36.937 | INFO     | app.main:<module>:32 - Application initialized
2024-12-10 10:31:36.948 | INFO     | app.main:startup_event:219 - Starting up application
2024-12-10 10:31:37.422 | INFO     | app.main:fetch_currency_rates:234 - Currency rates updated: {'usd': '513.00', 'eur': '543.00', 'rub': '5.35', 'gbp': '653.00'}
2024-12-10 10:31:40.488 | INFO     | app.middleware:dispatch:9 - Incoming request: GET http://transaction-service:80/metrics
2024-12-10 10:31:40.490 | INFO     | app.middleware:dispatch:17 - Completed request: GET http://transaction-service:80/metrics with status 200 in 0.00s
2024-12-10 10:31:55.484 | INFO     | app.middleware:dispatch:9 - Incoming request: GET http://transaction-service:80/metrics
2024-12-10 10:31:55.495 | INFO     | app.middleware:dispatch:17 - Completed request: GET http://transaction-service:80/metrics with status 200 in 0.01s
2024-12-10 10:32:10.498 | INFO     | app.middleware:dispatch:9 - Incoming request: GET http://transaction-service:80/metrics
2024-12-10 10:32:10.502 | INFO     | app.middleware:dispatch:17 - Completed request: GET http://transaction-service:80/metrics with status 200 in 0.00s
2024-12-10 10:32:25.498 | INFO     | app.middleware:dispatch:9 - Incoming request: GET http://transaction-service:80/metrics
2024-12-10 10:32:25.506 | INFO     | app.middleware:dispatch:17 - Completed request: GET http://transaction-service:80/metrics with status 200 in 0.01s
2024-12-10 10:32:40.498 | INFO     | app.middleware:dispatch:9 - Incoming request: GET http://transaction-service:80/metrics
2024-12-10 10:32:40.502 | INFO     | app.middleware:dispatch:17 - Completed request: GET http://transaction-service:80/metrics with status 200 in 0.00s
2024-12-10 10:32:55.505 | INFO     | app.middleware:dispatch:9 - Incoming request: GET http://transaction-service:80/metrics
2024-12-10 10:32:55.510 | INFO     | app.middleware:dispatch:17 - Completed request: GET http://transaction-service:80/metrics with status 200 in 0.00s
2024-12-10 10:33:10.518 | INFO     | app.middleware:dispatch:9 - Incoming request: GET http://transaction-service:80/metrics
2024-12-10 10:33:10.554 | INFO     | app.middleware:dispatch:17 - Completed request: GET http://transaction-service:80/metrics with status 200 in 0.01s
2024-12-10 10:33:25.500 | INFO     | app.middleware:dispatch:9 - Incoming request: GET http://transaction-service:80/metrics
2024-12-10 10:33:25.506 | INFO     | app.middleware:dispatch:17 - Completed request: GET http://transaction-service:80/metrics with status 200 in 0.00s
2024-12-10 10:33:52.782 | INFO     | app.middleware:dispatch:9 - Incoming request: GET http://transaction-service:80/metrics
2024-12-10 10:33:52.799 | INFO     | app.middleware:dispatch:17 - Completed request: GET http://transaction-service:80/metrics with status 200 in 0.01s
2024-12-10 10:33:31.886 | INFO     | app.middleware:dispatch:9 - Incoming request: GET http://transaction-service:80/metrics
2024-12-10 10:33:31.896 | INFO     | app.middleware:dispatch:17 - Completed request: GET http://transaction-service:80/metrics with status 200 in 0.01s
2024-12-10 10:33:46.859 | INFO     | app.middleware:dispatch:9 - Incoming request: GET http://transaction-service:80/metrics
2024-12-10 10:33:46.865 | INFO     | app.middleware:dispatch:17 - Completed request: GET http://transaction-service:80/metrics with status 200 in 0.01s
2024-12-10 10:34:01.935 | INFO     | app.middleware:dispatch:9 - Incoming request: GET http://transaction-service:80/metrics
2024-12-10 10:34:01.942 | INFO     | app.middleware:dispatch:17 - Completed request: GET http://transaction-service:80/metrics with status 200 in 0.00s
2024-12-10 10:34:16.936 | INFO     | app.middleware:dispatch:9 - Incoming request: GET http://transaction-service:80/metrics
2024-12-10 10:34:16.943 | INFO     | app.middleware:dispatch:17 - Completed request: GET http://transaction-service:80/metrics with status 200 in 0.00s
2024-12-10 10:34:25.643 | INFO     | app.middleware:dispatch:9 - Incoming request: GET http://transaction-service:80/metrics
2024-12-10 10:34:25.752 | INFO     | app.middleware:dispatch:17 - Completed request: GET http://transaction-service:80/metrics with status 200 in 0.09s
2024-12-10 10:34:40.649 | INFO     | app.middleware:dispatch:9 - Incoming request: GET http://transaction-service:80/metrics
2024-12-10 10:34:40.668 | INFO     | app.middleware:dispatch:17 - Completed request: GET http://transaction-service:80/metrics with status 200 in 0.01s
2024-12-10 10:34:55.740 | INFO     | app.middleware:dispatch:9 - Incoming request: GET http://transaction-service:80/metrics
2024-12-10 10:34:55.747 | INFO     | app.middleware:dispatch:17 - Completed request: GET http://transaction-service:80/metrics with status 200 in 0.00s
2024-12-10 10:35:10.767 | INFO     | app.middleware:dispatch:9 - Incoming request: GET http://transaction-service:80/metrics
2024-12-10 10:35:10.801 | INFO     | app.middleware:dispatch:17 - Completed request: GET http://transaction-service:80/metrics with status 200 in 0.00s
2024-12-10 10:35:25.729 | INFO     | app.middleware:dispatch:9 - Incoming request: GET http://transaction-service:80/metrics
2024-12-10 10:35:25.735 | INFO     | app.middleware:dispatch:17 - Completed request: GET http://transaction-service:80/metrics with status 200 in 0.00s
2024-12-10 10:35:40.728 | INFO     | app.middleware:dispatch:9 - Incoming request: GET http://transaction-service:80/metrics
2024-12-10 10:35:40.735 | INFO     | app.middleware:dispatch:17 - Completed request: GET http://transaction-service:80/metrics with status 200 in 0.00s
2024-12-10 10:35:55.727 | INFO     | app.middleware:dispatch:9 - Incoming request: GET http://transaction-service:80/metrics
2024-12-10 10:35:55.732 | INFO     | app.middleware:dispatch:17 - Completed request: GET http://transaction-service:80/metrics with status 200 in 0.00s
2024-12-10 10:36:10.725 | INFO     | app.middleware:dispatch:9 - Incoming request: GET http://transaction-service:80/metrics
2024-12-10 10:36:10.730 | INFO     | app.middleware:dispatch:17 - Completed request: GET http://transaction-service:80/metrics with status 200 in 0.00s
2024-12-10 10:36:25.728 | INFO     | app.middleware:dispatch:9 - Incoming request: GET http://transaction-service:80/metrics
2024-12-10 10:36:25.734 | INFO     | app.middleware:dispatch:17 - Completed request: GET http://transaction-service:80/metrics with status 200 in 0.00s
2024-12-10 10:36:40.727 | INFO     | app.middleware:dispatch:9 - Incoming request: GET http://transaction-service:80/metrics
2024-12-10 10:36:40.732 | INFO     | app.middleware:dispatch:17 - Completed request: GET http://transaction-service:80/metrics with status 200 in 0.00s
2024-12-10 10:36:55.729 | INFO     | app.middleware:dispatch:9 - Incoming request: GET http://transaction-service:80/metrics
2024-12-10 10:36:55.735 | INFO     | app.middleware:dispatch:17 - Completed request: GET http://transaction-service:80/metrics with status 200 in 0.00s
2024-12-10 10:37:10.724 | INFO     | app.middleware:dispatch:9 - Incoming request: GET http://transaction-service:80/metrics
2024-12-10 10:37:10.727 | INFO     | app.middleware:dispatch:17 - Completed request: GET http://transaction-service:80/metrics with status 200 in 0.00s
2024-12-10 10:37:25.725 | INFO     | app.middleware:dispatch:9 - Incoming request: GET http://transaction-service:80/metrics
2024-12-10 10:37:25.743 | INFO     | app.middleware:dispatch:17 - Completed request: GET http://transaction-service:80/metrics with status 200 in 0.01s
2024-12-10 10:38:44.605 | INFO     | app.middleware:dispatch:9 - Incoming request: GET http://transaction-service:80/metrics
2024-12-10 10:38:44.622 | INFO     | app.middleware:dispatch:17 - Completed request: GET http://transaction-service:80/metrics with status 200 in 0.00s
2024-12-10 10:37:46.967 | INFO     | app.middleware:dispatch:9 - Incoming request: GET http://transaction-service:80/metrics
2024-12-10 10:37:46.973 | INFO     | app.middleware:dispatch:17 - Completed request: GET http://transaction-service:80/metrics with status 200 in 0.00s
2024-12-10 10:38:01.965 | INFO     | app.middleware:dispatch:9 - Incoming request: GET http://transaction-service:80/metrics
2024-12-10 10:38:01.971 | INFO     | app.middleware:dispatch:17 - Completed request: GET http://transaction-service:80/metrics with status 200 in 0.00s
2024-12-10 10:38:13.861 | INFO     | app.middleware:dispatch:9 - Incoming request: GET http://transaction-service:80/metrics
2024-12-10 10:38:13.907 | INFO     | app.middleware:dispatch:17 - Completed request: GET http://transaction-service:80/metrics with status 200 in 0.03s
2024-12-10 10:38:16.801 | INFO     | app.middleware:dispatch:9 - Incoming request: GET http://transaction-service:80/metrics
2024-12-10 10:38:16.805 | INFO     | app.middleware:dispatch:17 - Completed request: GET http://transaction-service:80/metrics with status 200 in 0.00s
